0 info it worked if it ends with ok
1 verbose cli [ '/usr/bin/nodejs', '/usr/bin/npm', 'install', 'express', '-g' ]
2 info using npm@2.15.0
3 info using node@v4.4.2
4 verbose install initial load of /usr/lib/package.json
5 verbose readDependencies loading dependencies from /usr/lib/package.json
6 silly cache add args [ 'express', null ]
7 verbose cache add spec express
8 silly cache add parsed spec Result {
8 silly cache add   raw: 'express',
8 silly cache add   scope: null,
8 silly cache add   name: 'express',
8 silly cache add   rawSpec: '',
8 silly cache add   spec: 'latest',
8 silly cache add   type: 'tag' }
9 silly addNamed express@latest
10 verbose addNamed "latest" is being treated as a dist-tag for express
11 info addNameTag [ 'express', 'latest' ]
12 silly mapToRegistry name express
13 silly mapToRegistry using default registry
14 silly mapToRegistry registry https://registry.npmjs.org/
15 silly mapToRegistry data Result {
15 silly mapToRegistry   raw: 'express',
15 silly mapToRegistry   scope: null,
15 silly mapToRegistry   name: 'express',
15 silly mapToRegistry   rawSpec: '',
15 silly mapToRegistry   spec: 'latest',
15 silly mapToRegistry   type: 'tag' }
16 silly mapToRegistry uri https://registry.npmjs.org/express
17 verbose addNameTag registry:https://registry.npmjs.org/express not in flight; fetching
18 verbose request uri https://registry.npmjs.org/express
19 verbose request no auth needed
20 info attempt registry request try #1 at 10:09:11 AM
21 verbose request id 8d4b35ff98da5a46
22 verbose etag "3J33FAFKVUI03V1SA1SA6ADN9"
23 http request GET https://registry.npmjs.org/express
24 http 304 https://registry.npmjs.org/express
25 verbose headers { date: 'Fri, 04 Nov 2016 02:09:13 GMT',
25 verbose headers   via: '1.1 varnish',
25 verbose headers   'cache-control': 'max-age=300',
25 verbose headers   etag: '"3J33FAFKVUI03V1SA1SA6ADN9"',
25 verbose headers   age: '185',
25 verbose headers   connection: 'keep-alive',
25 verbose headers   'x-served-by': 'cache-hkg6822-HKG',
25 verbose headers   'x-cache': 'HIT',
25 verbose headers   'x-cache-hits': '6',
25 verbose headers   'x-timer': 'S1478225353.260852,VS0,VE0',
25 verbose headers   vary: 'Accept-Encoding' }
26 silly get cb [ 304,
26 silly get   { date: 'Fri, 04 Nov 2016 02:09:13 GMT',
26 silly get     via: '1.1 varnish',
26 silly get     'cache-control': 'max-age=300',
26 silly get     etag: '"3J33FAFKVUI03V1SA1SA6ADN9"',
26 silly get     age: '185',
26 silly get     connection: 'keep-alive',
26 silly get     'x-served-by': 'cache-hkg6822-HKG',
26 silly get     'x-cache': 'HIT',
26 silly get     'x-cache-hits': '6',
26 silly get     'x-timer': 'S1478225353.260852,VS0,VE0',
26 silly get     vary: 'Accept-Encoding' } ]
27 verbose etag https://registry.npmjs.org/express from cache
28 verbose get saving express to /home/cleo/.npm/registry.npmjs.org/express/.cache.json
29 verbose correctMkdir /home/cleo/.npm correctMkdir not in flight; initializing
30 silly addNameTag next cb for express with tag latest
31 silly addNamed express@4.14.0
32 verbose addNamed "4.14.0" is a plain semver version for express
33 silly cache afterAdd express@4.14.0
34 verbose afterAdd /home/cleo/.npm/express/4.14.0/package/package.json not in flight; writing
35 verbose correctMkdir /home/cleo/.npm correctMkdir not in flight; initializing
36 verbose afterAdd /home/cleo/.npm/express/4.14.0/package/package.json written
37 silly install resolved [ { name: 'express',
37 silly install resolved     description: 'Fast, unopinionated, minimalist web framework',
37 silly install resolved     version: '4.14.0',
37 silly install resolved     author: { name: 'TJ Holowaychuk', email: 'tj@vision-media.ca' },
37 silly install resolved     contributors:
37 silly install resolved      [ [Object],
37 silly install resolved        [Object],
37 silly install resolved        [Object],
37 silly install resolved        [Object],
37 silly install resolved        [Object],
37 silly install resolved        [Object],
37 silly install resolved        [Object] ],
37 silly install resolved     license: 'MIT',
37 silly install resolved     repository:
37 silly install resolved      { type: 'git',
37 silly install resolved        url: 'git+https://github.com/expressjs/express.git' },
37 silly install resolved     homepage: 'http://expressjs.com/',
37 silly install resolved     keywords:
37 silly install resolved      [ 'express',
37 silly install resolved        'framework',
37 silly install resolved        'sinatra',
37 silly install resolved        'web',
37 silly install resolved        'rest',
37 silly install resolved        'restful',
37 silly install resolved        'router',
37 silly install resolved        'app',
37 silly install resolved        'api' ],
37 silly install resolved     dependencies:
37 silly install resolved      { accepts: '~1.3.3',
37 silly install resolved        'array-flatten': '1.1.1',
37 silly install resolved        'content-disposition': '0.5.1',
37 silly install resolved        'content-type': '~1.0.2',
37 silly install resolved        cookie: '0.3.1',
37 silly install resolved        'cookie-signature': '1.0.6',
37 silly install resolved        debug: '~2.2.0',
37 silly install resolved        depd: '~1.1.0',
37 silly install resolved        encodeurl: '~1.0.1',
37 silly install resolved        'escape-html': '~1.0.3',
37 silly install resolved        etag: '~1.7.0',
37 silly install resolved        finalhandler: '0.5.0',
37 silly install resolved        fresh: '0.3.0',
37 silly install resolved        'merge-descriptors': '1.0.1',
37 silly install resolved        methods: '~1.1.2',
37 silly install resolved        'on-finished': '~2.3.0',
37 silly install resolved        parseurl: '~1.3.1',
37 silly install resolved        'path-to-regexp': '0.1.7',
37 silly install resolved        'proxy-addr': '~1.1.2',
37 silly install resolved        qs: '6.2.0',
37 silly install resolved        'range-parser': '~1.2.0',
37 silly install resolved        send: '0.14.1',
37 silly install resolved        'serve-static': '~1.11.1',
37 silly install resolved        'type-is': '~1.6.13',
37 silly install resolved        'utils-merge': '1.0.0',
37 silly install resolved        vary: '~1.1.0' },
37 silly install resolved     devDependencies:
37 silly install resolved      { after: '0.8.1',
37 silly install resolved        'body-parser': '~1.15.1',
37 silly install resolved        'cookie-parser': '~1.4.3',
37 silly install resolved        ejs: '2.4.2',
37 silly install resolved        istanbul: '0.4.3',
37 silly install resolved        marked: '0.3.5',
37 silly install resolved        'method-override': '~2.3.6',
37 silly install resolved        mocha: '2.5.3',
37 silly install resolved        morgan: '~1.7.0',
37 silly install resolved        should: '9.0.2',
37 silly install resolved        supertest: '1.2.0',
37 silly install resolved        'connect-redis': '~2.4.1',
37 silly install resolved        'cookie-session': '~1.2.0',
37 silly install resolved        'express-session': '~1.13.0',
37 silly install resolved        jade: '~1.11.0',
37 silly install resolved        multiparty: '~4.1.2',
37 silly install resolved        vhost: '~3.0.2' },
37 silly install resolved     engines: { node: '>= 0.10.0' },
37 silly install resolved     files: [ 'LICENSE', 'History.md', 'Readme.md', 'index.js', 'lib/' ],
37 silly install resolved     scripts:
37 silly install resolved      { test: 'mocha --require test/support/env --reporter spec --bail --check-leaks test/ test/acceptance/',
37 silly install resolved        'test-ci': 'istanbul cover node_modules/mocha/bin/_mocha --report lcovonly -- --require test/support/env --reporter spec --check-leaks test/ test/acceptance/',
37 silly install resolved        'test-cov': 'istanbul cover node_modules/mocha/bin/_mocha -- --require test/support/env --reporter dot --check-leaks test/ test/acceptance/',
37 silly install resolved        'test-tap': 'mocha --require test/support/env --reporter tap --check-leaks test/ test/acceptance/' },
37 silly install resolved     gitHead: '9375a9afa9d7baa814b454c7a6818a7471aaef00',
37 silly install resolved     bugs: { url: 'https://github.com/expressjs/express/issues' },
37 silly install resolved     _id: 'express@4.14.0',
37 silly install resolved     _shasum: 'c1ee3f42cdc891fb3dc650a8922d51ec847d0d66',
37 silly install resolved     _from: 'express@latest',
37 silly install resolved     _npmVersion: '1.4.28',
37 silly install resolved     _npmUser: { name: 'dougwilson', email: 'doug@somethingdoug.com' },
37 silly install resolved     maintainers: [ [Object], [Object], [Object], [Object] ],
37 silly install resolved     dist:
37 silly install resolved      { shasum: 'c1ee3f42cdc891fb3dc650a8922d51ec847d0d66',
37 silly install resolved        tarball: 'https://registry.npmjs.org/express/-/express-4.14.0.tgz' },
37 silly install resolved     _npmOperationalInternal:
37 silly install resolved      { host: 'packages-12-west.internal.npmjs.com',
37 silly install resolved        tmp: 'tmp/express-4.14.0.tgz_1466095407850_0.17484632693231106' },
37 silly install resolved     directories: {},
37 silly install resolved     _resolved: 'https://registry.npmjs.org/express/-/express-4.14.0.tgz',
37 silly install resolved     readme: 'ERROR: No README data found!' } ]
38 info install express@4.14.0 into /usr/lib
39 info installOne express@4.14.0
40 verbose installOne of express to /usr/lib not in flight; installing
41 verbose correctMkdir /home/cleo/.npm/_locks correctMkdir not in flight; initializing
42 verbose lock using /home/cleo/.npm/_locks/express-ab03e576fa4b3c3f.lock for /usr/lib/node_modules/express
43 silly install write writing express 4.14.0 to /usr/lib/node_modules/express
44 verbose unbuild lib/node_modules/express
45 silly gentlyRm /usr/lib/node_modules/express is being purged from base /usr
46 verbose gentlyRm don't care about contents; nuking /usr/lib/node_modules/express
47 verbose tar unpack /home/cleo/.npm/express/4.14.0/package.tgz
48 verbose tar unpacking to /usr/lib/node_modules/express
49 silly gentlyRm /usr/lib/node_modules/express is being purged
50 verbose gentlyRm don't care about contents; nuking /usr/lib/node_modules/express
51 silly gunzTarPerm modes [ '775', '664' ]
52 error tar.unpack untar error /home/cleo/.npm/express/4.14.0/package.tgz
53 verbose unlock done using /home/cleo/.npm/_locks/express-ab03e576fa4b3c3f.lock for /usr/lib/node_modules/express
54 verbose fstream_path /usr/lib/node_modules/express
55 verbose fstream_type Directory
56 verbose fstream_class DirWriter
57 verbose stack Error: EACCES: permission denied, mkdir '/usr/lib/node_modules/express'
57 verbose stack     at Error (native)
58 verbose fstream_stack /usr/lib/node_modules/npm/node_modules/fstream/lib/dir-writer.js:35:25
58 verbose fstream_stack /usr/lib/node_modules/npm/node_modules/mkdirp/index.js:47:53
58 verbose fstream_stack FSReqWrap.oncomplete (fs.js:82:15)
59 verbose cwd /home/cleo/Desktop/cleoportfolio
60 error Linux 4.4.0-45-generic
61 error argv "/usr/bin/nodejs" "/usr/bin/npm" "install" "express" "-g"
62 error node v4.4.2
63 error npm  v2.15.0
64 error path /usr/lib/node_modules/express
65 error code EACCES
66 error errno -13
67 error syscall mkdir
68 error Error: EACCES: permission denied, mkdir '/usr/lib/node_modules/express'
68 error     at Error (native)
68 error  { [Error: EACCES: permission denied, mkdir '/usr/lib/node_modules/express']
68 error   errno: -13,
68 error   code: 'EACCES',
68 error   syscall: 'mkdir',
68 error   path: '/usr/lib/node_modules/express',
68 error   fstream_type: 'Directory',
68 error   fstream_path: '/usr/lib/node_modules/express',
68 error   fstream_class: 'DirWriter',
68 error   fstream_stack:
68 error    [ '/usr/lib/node_modules/npm/node_modules/fstream/lib/dir-writer.js:35:25',
68 error      '/usr/lib/node_modules/npm/node_modules/mkdirp/index.js:47:53',
68 error      'FSReqWrap.oncomplete (fs.js:82:15)' ] }
69 error Please try running this command again as root/Administrator.
70 verbose exit [ -13, true ]
71 verbose unbuild lib/node_modules/express
72 silly gentlyRm /usr/lib/node_modules/express is being purged from base /usr
73 verbose gentlyRm don't care about contents; nuking /usr/lib/node_modules/express
